0 info it worked if it ends with ok
1 verbose cli [ '/usr/local/bin/node',
1 verbose cli   '/usr/local/bin/npm',
1 verbose cli   'install',
1 verbose cli   'com.ionberry.cordova.plugin.background-mode@0.6.5' ]
2 info using npm@2.14.20
3 info using node@v4.4.0
4 verbose install initial load of /Users/HELA/Sites/ginger-new-cordova-coach/package.json
5 verbose readDependencies loading dependencies from /Users/HELA/Sites/ginger-new-cordova-coach/package.json
6 silly cache add args [ 'com.ionberry.cordova.plugin.background-mode@0.6.5', null ]
7 verbose cache add spec com.ionberry.cordova.plugin.background-mode@0.6.5
8 silly cache add parsed spec Result {
8 silly cache add   raw: 'com.ionberry.cordova.plugin.background-mode@0.6.5',
8 silly cache add   scope: null,
8 silly cache add   name: 'com.ionberry.cordova.plugin.background-mode',
8 silly cache add   rawSpec: '0.6.5',
8 silly cache add   spec: '0.6.5',
8 silly cache add   type: 'version' }
9 silly addNamed com.ionberry.cordova.plugin.background-mode@0.6.5
10 verbose addNamed "0.6.5" is a plain semver version for com.ionberry.cordova.plugin.background-mode
11 silly mapToRegistry name com.ionberry.cordova.plugin.background-mode
12 silly mapToRegistry using default registry
13 silly mapToRegistry registry https://registry.npmjs.org/
14 silly mapToRegistry uri https://registry.npmjs.org/com.ionberry.cordova.plugin.background-mode
15 verbose addNameVersion registry:https://registry.npmjs.org/com.ionberry.cordova.plugin.background-mode not in flight; fetching
16 verbose request uri https://registry.npmjs.org/com.ionberry.cordova.plugin.background-mode
17 verbose request no auth needed
18 info attempt registry request try #1 at 7:03:12 PM
19 verbose request id a402baec5e9ea05d
20 http request GET https://registry.npmjs.org/com.ionberry.cordova.plugin.background-mode
21 http 404 https://registry.npmjs.org/com.ionberry.cordova.plugin.background-mode
22 verbose headers { server: 'CouchDB/1.5.0 (Erlang OTP/R16B03)',
22 verbose headers   etag: '"7IZ8K2Q5O6M5GG7CYWAU3G0ET"',
22 verbose headers   'content-type': 'application/json',
22 verbose headers   'cache-control': 'max-age=0',
22 verbose headers   'content-length': '540',
22 verbose headers   'accept-ranges': 'bytes',
22 verbose headers   date: 'Sat, 20 Aug 2016 00:03:12 GMT',
22 verbose headers   via: '1.1 varnish',
22 verbose headers   age: '0',
22 verbose headers   connection: 'keep-alive',
22 verbose headers   'x-served-by': 'cache-dfw1843-DFW',
22 verbose headers   'x-cache': 'MISS',
22 verbose headers   'x-cache-hits': '0',
22 verbose headers   'x-timer': 'S1471651392.240005,VS0,VE189',
22 verbose headers   vary: 'Accept-Encoding' }
23 silly get cb [ 404,
23 silly get   { server: 'CouchDB/1.5.0 (Erlang OTP/R16B03)',
23 silly get     etag: '"7IZ8K2Q5O6M5GG7CYWAU3G0ET"',
23 silly get     'content-type': 'application/json',
23 silly get     'cache-control': 'max-age=0',
23 silly get     'content-length': '540',
23 silly get     'accept-ranges': 'bytes',
23 silly get     date: 'Sat, 20 Aug 2016 00:03:12 GMT',
23 silly get     via: '1.1 varnish',
23 silly get     age: '0',
23 silly get     connection: 'keep-alive',
23 silly get     'x-served-by': 'cache-dfw1843-DFW',
23 silly get     'x-cache': 'MISS',
23 silly get     'x-cache-hits': '0',
23 silly get     'x-timer': 'S1471651392.240005,VS0,VE189',
23 silly get     vary: 'Accept-Encoding' } ]
24 verbose stack Error: Registry returned 404 for GET on https://registry.npmjs.org/com.ionberry.cordova.plugin.background-mode
24 verbose stack     at makeError (/usr/local/lib/node_modules/npm/node_modules/npm-registry-client/lib/request.js:264:12)
24 verbose stack     at CachingRegistryClient.<anonymous> (/usr/local/lib/node_modules/npm/node_modules/npm-registry-client/lib/request.js:242:14)
24 verbose stack     at Request._callback (/usr/local/lib/node_modules/npm/node_modules/npm-registry-client/lib/request.js:172:14)
24 verbose stack     at Request.self.callback (/usr/local/lib/node_modules/npm/node_modules/request/request.js:199:22)
24 verbose stack     at emitTwo (events.js:87:13)
24 verbose stack     at Request.emit (events.js:172:7)
24 verbose stack     at Request.<anonymous> (/usr/local/lib/node_modules/npm/node_modules/request/request.js:1036:10)
24 verbose stack     at emitOne (events.js:82:20)
24 verbose stack     at Request.emit (events.js:169:7)
24 verbose stack     at IncomingMessage.<anonymous> (/usr/local/lib/node_modules/npm/node_modules/request/request.js:963:12)
25 verbose statusCode 404
26 verbose pkgid com.ionberry.cordova.plugin.background-mode
27 verbose cwd /Users/HELA/Sites/ginger-new-cordova-coach
28 error Darwin 15.3.0
29 error argv "/usr/local/bin/node" "/usr/local/bin/npm" "install" "com.ionberry.cordova.plugin.background-mode@0.6.5"
30 error node v4.4.0
31 error npm  v2.14.20
32 error code E404
33 error 404 Registry returned 404 for GET on https://registry.npmjs.org/com.ionberry.cordova.plugin.background-mode
33 error 404
33 error 404 'com.ionberry.cordova.plugin.background-mode' is not in the npm registry.
33 error 404 You should bug the author to publish it (or use the name yourself!)
33 error 404
33 error 404 Note that you can also install from a
33 error 404 tarball, folder, http url, or git url.
34 verbose exit [ 1, true ]
